This file contains any messages produced by compilers while
running configure, to aid debugging if configure makes a mistake.

It was created by libTuning configure 0.1, which was
generated by GNU Autoconf 2.60a.  Invocation command line was

  $ ./configure 

## --------- ##
## Platform. ##
## --------- ##

hostname = fux
uname -m = i686
uname -r = 2.6.17-10-generic
uname -s = Linux
uname -v = #2 SMP Tue Dec 5 22:28:26 UTC 2006

/usr/bin/uname -p = unknown
/bin/uname -X     = unknown

/bin/arch              = i686
/usr/bin/arch -k       = unknown
/usr/convex/getsysinfo = unknown
/usr/bin/hostinfo      = unknown
/bin/machine           = unknown
/usr/bin/oslevel       = unknown
/bin/universe          = unknown

PATH: /usr/local/sbin
PATH: /usr/local/bin
PATH: /usr/sbin
PATH: /usr/bin
PATH: /sbin
PATH: /bin
PATH: /usr/bin/X11
PATH: /usr/games
PATH: /usr/share/qt3/
PATH: /opt/j2sdk1.4.2_10/bin/
PATH: /home/dougie/bin/


## ----------- ##
## Core tests. ##
## ----------- ##

configure:1962: checking for a BSD-compatible install
configure:2018: result: /usr/bin/install -c
configure:2029: checking whether build environment is sane
configure:2072: result: yes
configure:2137: checking for gawk
configure:2153: found /usr/bin/gawk
configure:2164: result: gawk
configure:2175: checking whether make sets $(MAKE)
configure:2196: result: yes
configure:2440: checking for g++
configure:2456: found /usr/bin/g++
configure:2467: result: g++
configure:2498: checking for C++ compiler version
configure:2505: g++ --version >&5
g++ (GCC) 4.1.2 20060928 (prerelease) (Ubuntu 4.1.1-13ubuntu5)
Copyright (C) 2006 Free Software Foundation, Inc.
This is free software; see the source for copying conditions.  There is NO
warranty; not even for MERCHANTABILITY or FITNESS FOR A PARTICULAR PURPOSE.

configure:2508: $? = 0
configure:2515: g++ -v >&5
Using built-in specs.
Target: i486-linux-gnu
Configured with: ../src/configure -v --enable-languages=c,c++,fortran,objc,obj-c++,treelang --prefix=/usr --enable-shared --with-system-zlib --libexecdir=/usr/lib --without-included-gettext --enable-threads=posix --enable-nls --program-suffix=-4.1 --enable-__cxa_atexit --enable-clocale=gnu --enable-libstdcxx-debug --enable-mpfr --enable-checking=release i486-linux-gnu
Thread model: posix
gcc version 4.1.2 20060928 (prerelease) (Ubuntu 4.1.1-13ubuntu5)
configure:2518: $? = 0
configure:2525: g++ -V >&5
g++: '-V' option must have argument
configure:2528: $? = 1
configure:2551: checking for C++ compiler default output file name
configure:2578: g++    conftest.cpp  >&5
configure:2581: $? = 0
configure:2619: result: a.out
configure:2636: checking whether the C++ compiler works
configure:2646: ./a.out
configure:2649: $? = 0
configure:2666: result: yes
configure:2673: checking whether we are cross compiling
configure:2675: result: no
configure:2678: checking for suffix of executables
configure:2685: g++ -o conftest    conftest.cpp  >&5
configure:2688: $? = 0
configure:2712: result: 
configure:2718: checking for suffix of object files
configure:2744: g++ -c   conftest.cpp >&5
configure:2747: $? = 0
configure:2770: result: o
configure:2774: checking whether we are using the GNU C++ compiler
configure:2803: g++ -c   conftest.cpp >&5
configure:2809: $? = 0
configure:2816: test -z "$ac_cxx_werror_flag" || test ! -s conftest.err
configure:2819: $? = 0
configure:2826: test -s conftest.o
configure:2829: $? = 0
configure:2843: result: yes
configure:2848: checking whether g++ accepts -g
configure:2878: g++ -c -g  conftest.cpp >&5
configure:2884: $? = 0
configure:2891: test -z "$ac_cxx_werror_flag" || test ! -s conftest.err
configure:2894: $? = 0
configure:2901: test -s conftest.o
configure:2904: $? = 0
configure:3034: result: yes
configure:3068: checking for style of include used by make
configure:3096: result: GNU
configure:3124: checking dependency style of g++
configure:3214: result: none
configure:3279: checking for gcc
configure:3295: found /usr/bin/gcc
configure:3306: result: gcc
configure:3544: checking for C compiler version
configure:3551: gcc --version >&5
gcc (GCC) 4.1.2 20060928 (prerelease) (Ubuntu 4.1.1-13ubuntu5)
Copyright (C) 2006 Free Software Foundation, Inc.
This is free software; see the source for copying conditions.  There is NO
warranty; not even for MERCHANTABILITY or FITNESS FOR A PARTICULAR PURPOSE.

configure:3554: $? = 0
configure:3561: gcc -v >&5
Using built-in specs.
Target: i486-linux-gnu
Configured with: ../src/configure -v --enable-languages=c,c++,fortran,objc,obj-c++,treelang --prefix=/usr --enable-shared --with-system-zlib --libexecdir=/usr/lib --without-included-gettext --enable-threads=posix --enable-nls --program-suffix=-4.1 --enable-__cxa_atexit --enable-clocale=gnu --enable-libstdcxx-debug --enable-mpfr --enable-checking=release i486-linux-gnu
Thread model: posix
gcc version 4.1.2 20060928 (prerelease) (Ubuntu 4.1.1-13ubuntu5)
configure:3564: $? = 0
configure:3571: gcc -V >&5
gcc: '-V' option must have argument
configure:3574: $? = 1
configure:3577: checking whether we are using the GNU C compiler
configure:3606: gcc -c   conftest.c >&5
configure:3612: $? = 0
configure:3619: test -z "$ac_c_werror_flag" || test ! -s conftest.err
configure:3622: $? = 0
configure:3629: test -s conftest.o
configure:3632: $? = 0
configure:3646: result: yes
configure:3651: checking whether gcc accepts -g
configure:3681: gcc -c -g  conftest.c >&5
configure:3687: $? = 0
configure:3694: test -z "$ac_c_werror_flag" || test ! -s conftest.err
configure:3697: $? = 0
configure:3704: test -s conftest.o
configure:3707: $? = 0
configure:3837: result: yes
configure:3854: checking for gcc option to accept ISO C89
configure:3928: gcc  -c -g -O2  conftest.c >&5
configure:3934: $? = 0
configure:3941: test -z "$ac_c_werror_flag" || test ! -s conftest.err
configure:3944: $? = 0
configure:3951: test -s conftest.o
configure:3954: $? = 0
configure:3974: result: none needed
configure:3994: checking dependency style of gcc
configure:4084: result: none
configure:4175: error: cannot run /bin/bash ./config.sub

## ---------------- ##
## Cache variables. ##
## ---------------- ##

ac_cv_c_compiler_gnu=yes
ac_cv_cxx_compiler_gnu=yes
ac_cv_env_CCC_set=
ac_cv_env_CCC_value=
ac_cv_env_CC_set=
ac_cv_env_CC_value=
ac_cv_env_CFLAGS_set=
ac_cv_env_CFLAGS_value=
ac_cv_env_CPPFLAGS_set=
ac_cv_env_CPPFLAGS_value=
ac_cv_env_CPP_set=
ac_cv_env_CPP_value=
ac_cv_env_CXXCPP_set=
ac_cv_env_CXXCPP_value=
ac_cv_env_CXXFLAGS_set=
ac_cv_env_CXXFLAGS_value=
ac_cv_env_CXX_set=
ac_cv_env_CXX_value=
ac_cv_env_F77_set=
ac_cv_env_F77_value=
ac_cv_env_FFLAGS_set=
ac_cv_env_FFLAGS_value=
ac_cv_env_LDFLAGS_set=
ac_cv_env_LDFLAGS_value=
ac_cv_env_build_alias_set=
ac_cv_env_build_alias_value=
ac_cv_env_host_alias_set=
ac_cv_env_host_alias_value=
ac_cv_env_target_alias_set=
ac_cv_env_target_alias_value=
ac_cv_objext=o
ac_cv_path_install='/usr/bin/install -c'
ac_cv_prog_AWK=gawk
ac_cv_prog_ac_ct_CC=gcc
ac_cv_prog_ac_ct_CXX=g++
ac_cv_prog_cc_c89=
ac_cv_prog_cc_g=yes
ac_cv_prog_cxx_g=yes
ac_cv_prog_make_make_set=yes
am_cv_CC_dependencies_compiler_type=none
am_cv_CXX_dependencies_compiler_type=none

## ----------------- ##
## Output variables. ##
## ----------------- ##

ACLOCAL='${SHELL} /home/dougie/work/codebank/tuning/missing --run aclocal-1.9'
AMDEPBACKSLASH='\'
AMDEP_FALSE='#'
AMDEP_TRUE=''
AMTAR='${SHELL} /home/dougie/work/codebank/tuning/missing --run tar'
AR=''
AUTOCONF='${SHELL} /home/dougie/work/codebank/tuning/missing --run autoconf'
AUTOHEADER='${SHELL} /home/dougie/work/codebank/tuning/missing --run autoheader'
AUTOMAKE='${SHELL} /home/dougie/work/codebank/tuning/missing --run automake-1.9'
AWK='gawk'
CC='gcc'
CCDEPMODE='depmode=none'
CFLAGS='-g -O2'
CPP=''
CPPFLAGS=''
CXX='g++'
CXXCPP=''
CXXDEPMODE='depmode=none'
CXXFLAGS='-g -O2'
CYGPATH_W='echo'
DEFS=''
DEPDIR='.deps'
ECHO='echo'
ECHO_C=''
ECHO_N='-n'
ECHO_T=''
EGREP=''
EXEEXT=''
F77=''
FFLAGS=''
GREP=''
INSTALL_DATA='${INSTALL} -m 644'
INSTALL_PROGRAM='${INSTALL}'
INSTALL_SCRIPT='${INSTALL}'
INSTALL_STRIP_PROGRAM='${SHELL} $(install_sh) -c -s'
LDFLAGS=''
LIBOBJS=''
LIBS=''
LIBTOOL=''
LN_S=''
LTLIBOBJS=''
MAKEINFO='${SHELL} /home/dougie/work/codebank/tuning/missing --run makeinfo'
OBJEXT='o'
PACKAGE='libtuning'
PACKAGE_BUGREPORT='d.mcgilvray@elec.gla.ac.uk'
PACKAGE_NAME='libTuning'
PACKAGE_STRING='libTuning 0.1'
PACKAGE_TARNAME='libtuning'
PACKAGE_VERSION='0.1'
PATH_SEPARATOR=':'
RANLIB=''
SET_MAKE=''
SHELL='/bin/bash'
STRIP=''
VERSION='0.1'
ac_ct_CC='gcc'
ac_ct_CXX='g++'
ac_ct_F77=''
am__fastdepCC_FALSE=''
am__fastdepCC_TRUE='#'
am__fastdepCXX_FALSE=''
am__fastdepCXX_TRUE='#'
am__include='include'
am__leading_dot='.'
am__quote=''
am__tar='${AMTAR} chof - "$$tardir"'
am__untar='${AMTAR} xf -'
bindir='${exec_prefix}/bin'
build=''
build_alias=''
build_cpu=''
build_os=''
build_vendor=''
datadir='${datarootdir}'
datarootdir='${prefix}/share'
docdir='${datarootdir}/doc/${PACKAGE_TARNAME}'
dvidir='${docdir}'
exec_prefix='NONE'
host=''
host_alias=''
host_cpu=''
host_os=''
host_vendor=''
htmldir='${docdir}'
includedir='${prefix}/include'
infodir='${datarootdir}/info'
install_sh='/home/dougie/work/codebank/tuning/install-sh'
libdir='${exec_prefix}/lib'
libexecdir='${exec_prefix}/libexec'
localedir='${datarootdir}/locale'
localstatedir='${prefix}/var'
mandir='${datarootdir}/man'
mkdir_p='mkdir -p --'
oldincludedir='/usr/include'
pdfdir='${docdir}'
prefix='NONE'
program_transform_name='s,x,x,'
psdir='${docdir}'
sbindir='${exec_prefix}/sbin'
sharedstatedir='${prefix}/com'
sysconfdir='${prefix}/etc'
target_alias=''

## ----------- ##
## confdefs.h. ##
## ----------- ##

#define PACKAGE_NAME "libTuning"
#define PACKAGE_TARNAME "libtuning"
#define PACKAGE_VERSION "0.1"
#define PACKAGE_STRING "libTuning 0.1"
#define PACKAGE_BUGREPORT "d.mcgilvray@elec.gla.ac.uk"
#define PACKAGE "libtuning"
#define VERSION "0.1"

configure: exit 1
