This file contains any messages produced by compilers while
running configure, to aid debugging if configure makes a mistake.

It was created by midi2pml configure 0.1, which was
generated by GNU Autoconf 2.67.  Invocation command line was

  $ ./configure 

## --------- ##
## Platform. ##
## --------- ##

hostname = sergei
uname -m = i686
uname -r = 2.6.38-13-generic
uname -s = Linux
uname -v = #53-Ubuntu SMP Mon Nov 28 19:23:39 UTC 2011

/usr/bin/uname -p = unknown
/bin/uname -X     = unknown

/bin/arch              = unknown
/usr/bin/arch -k       = unknown
/usr/convex/getsysinfo = unknown
/usr/bin/hostinfo      = unknown
/bin/machine           = unknown
/usr/bin/oslevel       = unknown
/bin/universe          = unknown

PATH: /usr/local/sbin
PATH: /usr/local/bin
PATH: /usr/sbin
PATH: /usr/bin
PATH: /sbin
PATH: /bin
PATH: /usr/games


## ----------- ##
## Core tests. ##
## ----------- ##

configure:2479: checking for a BSD-compatible install
configure:2547: result: /usr/bin/install -c
configure:2558: checking whether build environment is sane
configure:2595: result: yes
configure:2657: checking for gawk
configure:2673: found /usr/bin/gawk
configure:2684: result: gawk
configure:2695: checking whether make sets $(MAKE)
configure:2717: result: yes
configure:2949: checking for gcc
configure:2965: found /usr/bin/gcc
configure:2976: result: gcc
configure:3205: checking for C compiler version
configure:3214: gcc --version >&5
gcc (Ubuntu/Linaro 4.5.2-8ubuntu4) 4.5.2
Copyright (C) 2010 Free Software Foundation, Inc.
This is free software; see the source for copying conditions.  There is NO
warranty; not even for MERCHANTABILITY or FITNESS FOR A PARTICULAR PURPOSE.

configure:3225: $? = 0
configure:3214: gcc -v >&5
Using built-in specs.
COLLECT_GCC=gcc
COLLECT_LTO_WRAPPER=/usr/lib/i386-linux-gnu/gcc/i686-linux-gnu/4.5.2/lto-wrapper
Target: i686-linux-gnu
Configured with: ../src/configure -v --with-pkgversion='Ubuntu/Linaro 4.5.2-8ubuntu4' --with-bugurl=file:///usr/share/doc/gcc-4.5/README.Bugs --enable-languages=c,c++,fortran,objc,obj-c++ --prefix=/usr --program-suffix=-4.5 --enable-shared --enable-multiarch --with-multiarch-defaults=i386-linux-gnu --enable-linker-build-id --with-system-zlib --libexecdir=/usr/lib/i386-linux-gnu --without-included-gettext --enable-threads=posix --with-gxx-include-dir=/usr/include/c++/4.5 --libdir=/usr/lib/i386-linux-gnu --enable-nls --with-sysroot=/ --enable-clocale=gnu --enable-libstdcxx-debug --enable-libstdcxx-time=yes --enable-plugin --enable-gold --enable-ld=default --with-plugin-ld=ld.gold --enable-objc-gc --enable-targets=all --disable-werror --with-arch-32=i686 --with-tune=generic --enable-checking=release --build=i686-linux-gnu --host=i686-linux-gnu --target=i686-linux-gnu
Thread model: posix
gcc version 4.5.2 (Ubuntu/Linaro 4.5.2-8ubuntu4) 
configure:3225: $? = 0
configure:3214: gcc -V >&5
gcc: '-V' option must have argument
configure:3225: $? = 1
configure:3214: gcc -qversion >&5
gcc: unrecognized option '-qversion'
gcc: no input files
configure:3225: $? = 1
configure:3245: checking whether the C compiler works
configure:3267: gcc    conftest.c  >&5
configure:3271: $? = 0
configure:3319: result: yes
configure:3322: checking for C compiler default output file name
configure:3324: result: a.out
configure:3330: checking for suffix of executables
configure:3337: gcc -o conftest    conftest.c  >&5
configure:3341: $? = 0
configure:3363: result: 
configure:3385: checking whether we are cross compiling
configure:3393: gcc -o conftest    conftest.c  >&5
configure:3397: $? = 0
configure:3404: ./conftest
configure:3408: $? = 0
configure:3423: result: no
configure:3428: checking for suffix of object files
configure:3450: gcc -c   conftest.c >&5
configure:3454: $? = 0
configure:3475: result: o
configure:3479: checking whether we are using the GNU C compiler
configure:3498: gcc -c   conftest.c >&5
configure:3498: $? = 0
configure:3507: result: yes
configure:3516: checking whether gcc accepts -g
configure:3536: gcc -c -g  conftest.c >&5
configure:3536: $? = 0
configure:3577: result: yes
configure:3594: checking for gcc option to accept ISO C89
configure:3658: gcc  -c -g -O2  conftest.c >&5
configure:3658: $? = 0
configure:3671: result: none needed
configure:3702: checking for style of include used by make
configure:3730: result: GNU
configure:3758: checking dependency style of gcc
configure:3848: result: gcc3
configure:3923: checking for g++
configure:3939: found /usr/bin/g++
configure:3950: result: g++
configure:3977: checking for C++ compiler version
configure:3986: g++ --version >&5
g++ (Ubuntu/Linaro 4.5.2-8ubuntu4) 4.5.2
Copyright (C) 2010 Free Software Foundation, Inc.
This is free software; see the source for copying conditions.  There is NO
warranty; not even for MERCHANTABILITY or FITNESS FOR A PARTICULAR PURPOSE.

configure:3997: $? = 0
configure:3986: g++ -v >&5
Using built-in specs.
COLLECT_GCC=g++
COLLECT_LTO_WRAPPER=/usr/lib/i386-linux-gnu/gcc/i686-linux-gnu/4.5.2/lto-wrapper
Target: i686-linux-gnu
Configured with: ../src/configure -v --with-pkgversion='Ubuntu/Linaro 4.5.2-8ubuntu4' --with-bugurl=file:///usr/share/doc/gcc-4.5/README.Bugs --enable-languages=c,c++,fortran,objc,obj-c++ --prefix=/usr --program-suffix=-4.5 --enable-shared --enable-multiarch --with-multiarch-defaults=i386-linux-gnu --enable-linker-build-id --with-system-zlib --libexecdir=/usr/lib/i386-linux-gnu --without-included-gettext --enable-threads=posix --with-gxx-include-dir=/usr/include/c++/4.5 --libdir=/usr/lib/i386-linux-gnu --enable-nls --with-sysroot=/ --enable-clocale=gnu --enable-libstdcxx-debug --enable-libstdcxx-time=yes --enable-plugin --enable-gold --enable-ld=default --with-plugin-ld=ld.gold --enable-objc-gc --enable-targets=all --disable-werror --with-arch-32=i686 --with-tune=generic --enable-checking=release --build=i686-linux-gnu --host=i686-linux-gnu --target=i686-linux-gnu
Thread model: posix
gcc version 4.5.2 (Ubuntu/Linaro 4.5.2-8ubuntu4) 
configure:3997: $? = 0
configure:3986: g++ -V >&5
g++: '-V' option must have argument
configure:3997: $? = 1
configure:3986: g++ -qversion >&5
g++: unrecognized option '-qversion'
g++: no input files
configure:3997: $? = 1
configure:4001: checking whether we are using the GNU C++ compiler
configure:4020: g++ -c   conftest.cpp >&5
configure:4020: $? = 0
configure:4029: result: yes
configure:4038: checking whether g++ accepts -g
configure:4058: g++ -c -g  conftest.cpp >&5
configure:4058: $? = 0
configure:4099: result: yes
configure:4124: checking dependency style of g++
configure:4214: result: gcc3
configure:4260: checking build system type
configure:4274: result: i686-pc-linux-gnu
configure:4294: checking host system type
configure:4307: result: i686-pc-linux-gnu
configure:4327: checking for a sed that does not truncate output
configure:4391: result: /bin/sed
configure:4409: checking for grep that handles long lines and -e
configure:4467: result: /bin/grep
configure:4472: checking for egrep
configure:4534: result: /bin/grep -E
configure:4539: checking for fgrep
configure:4601: result: /bin/grep -F
configure:4636: checking for ld used by gcc
configure:4703: result: /usr/bin/ld
configure:4710: checking if the linker (/usr/bin/ld) is GNU ld
configure:4725: result: yes
configure:4737: checking for BSD- or MS-compatible name lister (nm)
configure:4786: result: /usr/bin/nm -B
configure:4904: checking the name lister (/usr/bin/nm -B) interface
configure:4911: g++ -c -g -O2  conftest.cpp >&5
configure:4914: /usr/bin/nm -B "conftest.o"
configure:4917: output
00000000 B some_variable
configure:4924: result: BSD nm
configure:4927: checking whether ln -s works
configure:4931: result: yes
configure:4939: checking the maximum length of command line arguments
configure:5059: result: 1572864
configure:5076: checking whether the shell understands some XSI constructs
configure:5086: result: yes
configure:5090: checking whether the shell understands "+="
configure:5096: result: yes
configure:5131: checking for /usr/bin/ld option to reload object files
configure:5138: result: -r
configure:5207: checking for objdump
configure:5223: found /usr/bin/objdump
configure:5234: result: objdump
configure:5266: checking how to recognize dependent libraries
configure:5462: result: pass_all
configure:5522: checking for ar
configure:5538: found /usr/bin/ar
configure:5549: result: ar
configure:5627: checking for strip
configure:5643: found /usr/bin/strip
configure:5654: result: strip
configure:5726: checking for ranlib
configure:5742: found /usr/bin/ranlib
configure:5753: result: ranlib
configure:5843: checking command to parse /usr/bin/nm -B output from gcc object
configure:5961: g++ -c -g -O2  conftest.cpp >&5
configure:5964: $? = 0
configure:5968: /usr/bin/nm -B conftest.o \| sed -n -e 's/^.*[	 ]\([ABCDGIRSTW][ABCDGIRSTW]*\)[	 ][	 ]*\([_A-Za-z][_A-Za-z0-9]*\)$/\1 \2 \2/p' \> conftest.nm
configure:5971: $? = 0
configure:6025: g++ -o conftest -g -O2   conftest.cpp conftstm.o >&5
configure:6028: $? = 0
configure:6066: result: ok
configure:6875: checking how to run the C preprocessor
configure:6906: gcc -E  conftest.c
configure:6906: $? = 0
configure:6920: gcc -E  conftest.c
conftest.c:11:28: fatal error: ac_nonexistent.h: No such file or directory
compilation terminated.
configure:6920: $? = 1
configure: failed program was:
| /* confdefs.h */
| #define PACKAGE_NAME "midi2pml"
| #define PACKAGE_TARNAME "midi2pml"
| #define PACKAGE_VERSION "0.1"
| #define PACKAGE_STRING "midi2pml 0.1"
| #define PACKAGE_BUGREPORT "http://cmt.gla.ac.uk"
| #define PACKAGE_URL ""
| #define PACKAGE "midi2pml"
| #define VERSION "0.1"
| /* end confdefs.h.  */
| #include <ac_nonexistent.h>
configure:6945: result: gcc -E
configure:6965: gcc -E  conftest.c
configure:6965: $? = 0
configure:6979: gcc -E  conftest.c
conftest.c:11:28: fatal error: ac_nonexistent.h: No such file or directory
compilation terminated.
configure:6979: $? = 1
configure: failed program was:
| /* confdefs.h */
| #define PACKAGE_NAME "midi2pml"
| #define PACKAGE_TARNAME "midi2pml"
| #define PACKAGE_VERSION "0.1"
| #define PACKAGE_STRING "midi2pml 0.1"
| #define PACKAGE_BUGREPORT "http://cmt.gla.ac.uk"
| #define PACKAGE_URL ""
| #define PACKAGE "midi2pml"
| #define VERSION "0.1"
| /* end confdefs.h.  */
| #include <ac_nonexistent.h>
configure:7008: checking for ANSI C header files
configure:7028: gcc -c -g -O2  conftest.c >&5
configure:7028: $? = 0
configure:7101: gcc -o conftest -g -O2   conftest.c  >&5
configure:7101: $? = 0
configure:7101: ./conftest
configure:7101: $? = 0
configure:7112: result: yes
configure:7125: checking for sys/types.h
configure:7125: gcc -c -g -O2  conftest.c >&5
configure:7125: $? = 0
configure:7125: result: yes
configure:7125: checking for sys/stat.h
configure:7125: gcc -c -g -O2  conftest.c >&5
configure:7125: $? = 0
configure:7125: result: yes
configure:7125: checking for stdlib.h
configure:7125: gcc -c -g -O2  conftest.c >&5
configure:7125: $? = 0
configure:7125: result: yes
configure:7125: checking for string.h
configure:7125: gcc -c -g -O2  conftest.c >&5
configure:7125: $? = 0
configure:7125: result: yes
configure:7125: checking for memory.h
configure:7125: gcc -c -g -O2  conftest.c >&5
configure:7125: $? = 0
configure:7125: result: yes
configure:7125: checking for strings.h
configure:7125: gcc -c -g -O2  conftest.c >&5
configure:7125: $? = 0
configure:7125: result: yes
configure:7125: checking for inttypes.h
configure:7125: gcc -c -g -O2  conftest.c >&5
configure:7125: $? = 0
configure:7125: result: yes
configure:7125: checking for stdint.h
configure:7125: gcc -c -g -O2  conftest.c >&5
configure:7125: $? = 0
configure:7125: result: yes
configure:7125: checking for unistd.h
configure:7125: gcc -c -g -O2  conftest.c >&5
configure:7125: $? = 0
configure:7125: result: yes
configure:7139: checking for dlfcn.h
configure:7139: gcc -c -g -O2  conftest.c >&5
configure:7139: $? = 0
configure:7139: result: yes
configure:7264: checking for C++ compiler version
configure:7273: g++ --version >&5
g++ (Ubuntu/Linaro 4.5.2-8ubuntu4) 4.5.2
Copyright (C) 2010 Free Software Foundation, Inc.
This is free software; see the source for copying conditions.  There is NO
warranty; not even for MERCHANTABILITY or FITNESS FOR A PARTICULAR PURPOSE.

configure:7284: $? = 0
configure:7273: g++ -v >&5
Using built-in specs.
COLLECT_GCC=g++
COLLECT_LTO_WRAPPER=/usr/lib/i386-linux-gnu/gcc/i686-linux-gnu/4.5.2/lto-wrapper
Target: i686-linux-gnu
Configured with: ../src/configure -v --with-pkgversion='Ubuntu/Linaro 4.5.2-8ubuntu4' --with-bugurl=file:///usr/share/doc/gcc-4.5/README.Bugs --enable-languages=c,c++,fortran,objc,obj-c++ --prefix=/usr --program-suffix=-4.5 --enable-shared --enable-multiarch --with-multiarch-defaults=i386-linux-gnu --enable-linker-build-id --with-system-zlib --libexecdir=/usr/lib/i386-linux-gnu --without-included-gettext --enable-threads=posix --with-gxx-include-dir=/usr/include/c++/4.5 --libdir=/usr/lib/i386-linux-gnu --enable-nls --with-sysroot=/ --enable-clocale=gnu --enable-libstdcxx-debug --enable-libstdcxx-time=yes --enable-plugin --enable-gold --enable-ld=default --with-plugin-ld=ld.gold --enable-objc-gc --enable-targets=all --disable-werror --with-arch-32=i686 --with-tune=generic --enable-checking=release --build=i686-linux-gnu --host=i686-linux-gnu --target=i686-linux-gnu
Thread model: posix
gcc version 4.5.2 (Ubuntu/Linaro 4.5.2-8ubuntu4) 
configure:7284: $? = 0
configure:7273: g++ -V >&5
g++: '-V' option must have argument
configure:7284: $? = 1
configure:7273: g++ -qversion >&5
g++: unrecognized option '-qversion'
g++: no input files
configure:7284: $? = 1
configure:7288: checking whether we are using the GNU C++ compiler
configure:7316: result: yes
configure:7325: checking whether g++ accepts -g
configure:7386: result: yes
configure:7411: checking dependency style of g++
configure:7501: result: gcc3
configure:7526: checking how to run the C++ preprocessor
configure:7553: g++ -E  conftest.cpp
configure:7553: $? = 0
configure:7567: g++ -E  conftest.cpp
conftest.cpp:22:28: fatal error: ac_nonexistent.h: No such file or directory
compilation terminated.
configure:7567: $? = 1
configure: failed program was:
| /* confdefs.h */
| #define PACKAGE_NAME "midi2pml"
| #define PACKAGE_TARNAME "midi2pml"
| #define PACKAGE_VERSION "0.1"
| #define PACKAGE_STRING "midi2pml 0.1"
| #define PACKAGE_BUGREPORT "http://cmt.gla.ac.uk"
| #define PACKAGE_URL ""
| #define PACKAGE "midi2pml"
| #define VERSION "0.1"
| #define STDC_HEADERS 1
| #define HAVE_SYS_TYPES_H 1
| #define HAVE_SYS_STAT_H 1
| #define HAVE_STDLIB_H 1
| #define HAVE_STRING_H 1
| #define HAVE_MEMORY_H 1
| #define HAVE_STRINGS_H 1
| #define HAVE_INTTYPES_H 1
| #define HAVE_STDINT_H 1
| #define HAVE_UNISTD_H 1
| #define HAVE_DLFCN_H 1
| /* end confdefs.h.  */
| #include <ac_nonexistent.h>
configure:7592: result: g++ -E
configure:7612: g++ -E  conftest.cpp
configure:7612: $? = 0
configure:7626: g++ -E  conftest.cpp
conftest.cpp:22:28: fatal error: ac_nonexistent.h: No such file or directory
compilation terminated.
configure:7626: $? = 1
configure: failed program was:
| /* confdefs.h */
| #define PACKAGE_NAME "midi2pml"
| #define PACKAGE_TARNAME "midi2pml"
| #define PACKAGE_VERSION "0.1"
| #define PACKAGE_STRING "midi2pml 0.1"
| #define PACKAGE_BUGREPORT "http://cmt.gla.ac.uk"
| #define PACKAGE_URL ""
| #define PACKAGE "midi2pml"
| #define VERSION "0.1"
| #define STDC_HEADERS 1
| #define HAVE_SYS_TYPES_H 1
| #define HAVE_SYS_STAT_H 1
| #define HAVE_STDLIB_H 1
| #define HAVE_STRING_H 1
| #define HAVE_MEMORY_H 1
| #define HAVE_STRINGS_H 1
| #define HAVE_INTTYPES_H 1
| #define HAVE_STDINT_H 1
| #define HAVE_UNISTD_H 1
| #define HAVE_DLFCN_H 1
| /* end confdefs.h.  */
| #include <ac_nonexistent.h>
configure:7832: checking for objdir
configure:7847: result: .libs
configure:8139: checking if gcc supports -fno-rtti -fno-exceptions
configure:8157: gcc -c -g -O2  -fno-rtti -fno-exceptions conftest.c >&5
cc1: warning: command line option "-fno-rtti" is valid for C++/ObjC++ but not for C
configure:8161: $? = 0
configure:8174: result: no
configure:8194: checking for gcc option to produce PIC
configure:8466: result: -fPIC -DPIC
configure:8478: checking if gcc PIC flag -fPIC -DPIC works
configure:8496: gcc -c -g -O2  -fPIC -DPIC -DPIC conftest.c >&5
configure:8500: $? = 0
configure:8513: result: yes
configure:8537: checking if gcc static flag -static works
configure:8565: result: yes
configure:8580: checking if gcc supports -c -o file.o
configure:8601: gcc -c -g -O2  -o out/conftest2.o conftest.c >&5
configure:8605: $? = 0
configure:8627: result: yes
configure:8635: checking if gcc supports -c -o file.o
configure:8682: result: yes
configure:8715: checking whether the gcc linker (/usr/bin/ld) supports shared libraries
configure:9706: result: yes
configure:9743: checking whether -lc should be explicitly linked in
configure:9748: gcc -c -g -O2  conftest.c >&5
configure:9751: $? = 0
configure:9766: gcc -shared conftest.o  -v -Wl,-soname -Wl,conftest -o conftest 2\>\&1 \| /bin/grep  -lc  \>/dev/null 2\>\&1
configure:9769: $? = 0
configure:9781: result: no
configure:9945: checking dynamic linker characteristics
configure:10378: gcc -o conftest -g -O2   -Wl,-rpath -Wl,/foo conftest.c  >&5
configure:10378: $? = 0
configure:10608: result: GNU/Linux ld.so
configure:10710: checking how to hardcode library paths into programs
configure:10735: result: immediate
configure:11255: checking whether stripping libraries is possible
configure:11260: result: yes
configure:11295: checking if libtool supports shared libraries
configure:11297: result: yes
configure:11300: checking whether to build shared libraries
configure:11321: result: yes
configure:11324: checking whether to build static libraries
configure:11328: result: yes
configure:11478: checking for ld used by g++
configure:11545: result: /usr/bin/ld
configure:11552: checking if the linker (/usr/bin/ld) is GNU ld
configure:11567: result: yes
configure:11622: checking whether the g++ linker (/usr/bin/ld) supports shared libraries
configure:12535: result: yes
configure:12563: g++ -c -g -O2  conftest.cpp >&5
configure:12566: $? = 0
configure:12748: checking for g++ option to produce PIC
configure:13065: result: -fPIC -DPIC
configure:13074: checking if g++ PIC flag -fPIC -DPIC works
configure:13092: g++ -c -g -O2  -fPIC -DPIC -DPIC conftest.cpp >&5
configure:13096: $? = 0
configure:13109: result: yes
configure:13130: checking if g++ static flag -static works
configure:13158: result: yes
configure:13170: checking if g++ supports -c -o file.o
configure:13191: g++ -c -g -O2  -o out/conftest2.o conftest.cpp >&5
configure:13195: $? = 0
configure:13217: result: yes
configure:13222: checking if g++ supports -c -o file.o
configure:13269: result: yes
configure:13299: checking whether the g++ linker (/usr/bin/ld) supports shared libraries
configure:13328: result: yes
configure:13465: checking dynamic linker characteristics
configure:13846: g++ -o conftest -g -O2   -Wl,-rpath -Wl,/foo conftest.cpp  >&5
configure:13846: $? = 0
configure:14076: result: GNU/Linux ld.so
configure:14127: checking how to hardcode library paths into programs
configure:14152: result: immediate
configure:14212: checking xercesc/dom/DOM.hpp usability
configure:14212: g++ -c -g -O2  conftest.cpp >&5
configure:14212: $? = 0
configure:14212: result: yes
configure:14212: checking xercesc/dom/DOM.hpp presence
configure:14212: g++ -E  conftest.cpp
configure:14212: $? = 0
configure:14212: result: yes
configure:14212: checking for xercesc/dom/DOM.hpp
configure:14212: result: yes
configure:14377: creating ./config.status

## ---------------------- ##
## Running config.status. ##
## ---------------------- ##

This file was extended by midi2pml config.status 0.1, which was
generated by GNU Autoconf 2.67.  Invocation command line was

  CONFIG_FILES    = 
  CONFIG_HEADERS  = 
  CONFIG_LINKS    = 
  CONFIG_COMMANDS = 
  $ ./config.status 

on sergei

config.status:1048: creating Makefile
config.status:1213: executing depfiles commands
config.status:1213: executing libtool commands

## ---------------- ##
## Cache variables. ##
## ---------------- ##

ac_cv_build=i686-pc-linux-gnu
ac_cv_c_compiler_gnu=yes
ac_cv_cxx_compiler_gnu=yes
ac_cv_env_CCC_set=
ac_cv_env_CCC_value=
ac_cv_env_CC_set=
ac_cv_env_CC_value=
ac_cv_env_CFLAGS_set=
ac_cv_env_CFLAGS_value=
ac_cv_env_CPPFLAGS_set=
ac_cv_env_CPPFLAGS_value=
ac_cv_env_CPP_set=
ac_cv_env_CPP_value=
ac_cv_env_CXXCPP_set=
ac_cv_env_CXXCPP_value=
ac_cv_env_CXXFLAGS_set=
ac_cv_env_CXXFLAGS_value=
ac_cv_env_CXX_set=
ac_cv_env_CXX_value=
ac_cv_env_LDFLAGS_set=
ac_cv_env_LDFLAGS_value=
ac_cv_env_LIBS_set=
ac_cv_env_LIBS_value=
ac_cv_env_build_alias_set=
ac_cv_env_build_alias_value=
ac_cv_env_host_alias_set=
ac_cv_env_host_alias_value=
ac_cv_env_target_alias_set=
ac_cv_env_target_alias_value=
ac_cv_header_dlfcn_h=yes
ac_cv_header_inttypes_h=yes
ac_cv_header_memory_h=yes
ac_cv_header_stdc=yes
ac_cv_header_stdint_h=yes
ac_cv_header_stdlib_h=yes
ac_cv_header_string_h=yes
ac_cv_header_strings_h=yes
ac_cv_header_sys_stat_h=yes
ac_cv_header_sys_types_h=yes
ac_cv_header_unistd_h=yes
ac_cv_header_xercesc_dom_DOM_hpp=yes
ac_cv_host=i686-pc-linux-gnu
ac_cv_objext=o
ac_cv_path_EGREP='/bin/grep -E'
ac_cv_path_FGREP='/bin/grep -F'
ac_cv_path_GREP=/bin/grep
ac_cv_path_SED=/bin/sed
ac_cv_path_install='/usr/bin/install -c'
ac_cv_prog_AWK=gawk
ac_cv_prog_CPP='gcc -E'
ac_cv_prog_CXXCPP='g++ -E'
ac_cv_prog_ac_ct_AR=ar
ac_cv_prog_ac_ct_CC=gcc
ac_cv_prog_ac_ct_CXX=g++
ac_cv_prog_ac_ct_OBJDUMP=objdump
ac_cv_prog_ac_ct_RANLIB=ranlib
ac_cv_prog_ac_ct_STRIP=strip
ac_cv_prog_cc_c89=
ac_cv_prog_cc_g=yes
ac_cv_prog_cxx_g=yes
ac_cv_prog_make_make_set=yes
am_cv_CC_dependencies_compiler_type=gcc3
am_cv_CXX_dependencies_compiler_type=gcc3
lt_cv_deplibs_check_method=pass_all
lt_cv_file_magic_cmd='$MAGIC_CMD'
lt_cv_file_magic_test_file=
lt_cv_ld_reload_flag=-r
lt_cv_nm_interface='BSD nm'
lt_cv_objdir=.libs
lt_cv_path_LD=/usr/bin/ld
lt_cv_path_LDCXX=/usr/bin/ld
lt_cv_path_NM='/usr/bin/nm -B'
lt_cv_prog_compiler_c_o=yes
lt_cv_prog_compiler_c_o_CXX=yes
lt_cv_prog_compiler_pic_works=yes
lt_cv_prog_compiler_pic_works_CXX=yes
lt_cv_prog_compiler_rtti_exceptions=no
lt_cv_prog_compiler_static_works=yes
lt_cv_prog_compiler_static_works_CXX=yes
lt_cv_prog_gnu_ld=yes
lt_cv_prog_gnu_ldcxx=yes
lt_cv_sys_global_symbol_pipe='sed -n -e '\''s/^.*[	 ]\([ABCDGIRSTW][ABCDGIRSTW]*\)[	 ][	 ]*\([_A-Za-z][_A-Za-z0-9]*\)$/\1 \2 \2/p'\'''
lt_cv_sys_global_symbol_to_c_name_address='sed -n -e '\''s/^: \([^ ]*\) $/  {\"\1\", (void *) 0},/p'\'' -e '\''s/^[ABCDGIRSTW]* \([^ ]*\) \([^ ]*\)$/  {"\2", (void *) \&\2},/p'\'''
lt_cv_sys_global_symbol_to_c_name_address_lib_prefix='sed -n -e '\''s/^: \([^ ]*\) $/  {\"\1\", (void *) 0},/p'\'' -e '\''s/^[ABCDGIRSTW]* \([^ ]*\) \(lib[^ ]*\)$/  {"\2", (void *) \&\2},/p'\'' -e '\''s/^[ABCDGIRSTW]* \([^ ]*\) \([^ ]*\)$/  {"lib\2", (void *) \&\2},/p'\'''
lt_cv_sys_global_symbol_to_cdecl='sed -n -e '\''s/^T .* \(.*\)$/extern int \1();/p'\'' -e '\''s/^[ABCDGIRSTW]* .* \(.*\)$/extern char \1;/p'\'''
lt_cv_sys_max_cmd_len=1572864

## ----------------- ##
## Output variables. ##
## ----------------- ##

ACLOCAL='${SHELL} /home/jenni/DougMatcher/midi2pml/missing --run aclocal-1.9'
AMDEPBACKSLASH='\'
AMDEP_FALSE='#'
AMDEP_TRUE=''
AMTAR='${SHELL} /home/jenni/DougMatcher/midi2pml/missing --run tar'
AR='ar'
AUTOCONF='${SHELL} /home/jenni/DougMatcher/midi2pml/missing --run autoconf'
AUTOHEADER='${SHELL} /home/jenni/DougMatcher/midi2pml/missing --run autoheader'
AUTOMAKE='${SHELL} /home/jenni/DougMatcher/midi2pml/missing --run automake-1.9'
AWK='gawk'
CC='gcc'
CCDEPMODE='depmode=gcc3'
CFLAGS='-g -O2'
CPP='gcc -E'
CPPFLAGS=''
CXX='g++'
CXXCPP='g++ -E'
CXXDEPMODE='depmode=gcc3'
CXXFLAGS='-g -O2'
CYGPATH_W='echo'
DEFS='-DPACKAGE_NAME=\"midi2pml\" -DPACKAGE_TARNAME=\"midi2pml\" -DPACKAGE_VERSION=\"0.1\" -DPACKAGE_STRING=\"midi2pml\ 0.1\" -DPACKAGE_BUGREPORT=\"http://cmt.gla.ac.uk\" -DPACKAGE_URL=\"\" -DPACKAGE=\"midi2pml\" -DVERSION=\"0.1\" -DSTDC_HEADERS=1 -DHAVE_SYS_TYPES_H=1 -DHAVE_SYS_STAT_H=1 -DHAVE_STDLIB_H=1 -DHAVE_STRING_H=1 -DHAVE_MEMORY_H=1 -DHAVE_STRINGS_H=1 -DHAVE_INTTYPES_H=1 -DHAVE_STDINT_H=1 -DHAVE_UNISTD_H=1 -DHAVE_DLFCN_H=1 -DLT_OBJDIR=\".libs/\"'
DEPDIR='.deps'
DSYMUTIL=''
DUMPBIN=''
ECHO_C=''
ECHO_N='-n'
ECHO_T=''
EGREP='/bin/grep -E'
EXEEXT=''
FGREP='/bin/grep -F'
GREP='/bin/grep'
INSTALL_DATA='${INSTALL} -m 644'
INSTALL_PROGRAM='${INSTALL}'
INSTALL_SCRIPT='${INSTALL}'
INSTALL_STRIP_PROGRAM='${SHELL} $(install_sh) -c -s'
LD='/usr/bin/ld'
LDFLAGS=''
LIBOBJS=''
LIBS=''
LIBTOOL='$(SHELL) $(top_builddir)/libtool'
LIPO=''
LN_S='ln -s'
LTLIBOBJS=''
MAKEINFO='${SHELL} /home/jenni/DougMatcher/midi2pml/missing --run makeinfo'
NM='/usr/bin/nm -B'
NMEDIT=''
OBJDUMP='objdump'
OBJEXT='o'
OTOOL64=''
OTOOL=''
PACKAGE='midi2pml'
PACKAGE_BUGREPORT='http://cmt.gla.ac.uk'
PACKAGE_NAME='midi2pml'
PACKAGE_STRING='midi2pml 0.1'
PACKAGE_TARNAME='midi2pml'
PACKAGE_URL=''
PACKAGE_VERSION='0.1'
PATH_SEPARATOR=':'
RANLIB='ranlib'
SED='/bin/sed'
SET_MAKE=''
SHELL='/bin/bash'
STRIP='strip'
VERSION='0.1'
ac_ct_CC='gcc'
ac_ct_CXX='g++'
ac_ct_DUMPBIN=''
am__fastdepCC_FALSE='#'
am__fastdepCC_TRUE=''
am__fastdepCXX_FALSE='#'
am__fastdepCXX_TRUE=''
am__include='include'
am__leading_dot='.'
am__quote=''
am__tar='${AMTAR} chof - "$$tardir"'
am__untar='${AMTAR} xf -'
bindir='${exec_prefix}/bin'
build='i686-pc-linux-gnu'
build_alias=''
build_cpu='i686'
build_os='linux-gnu'
build_vendor='pc'
datadir='${datarootdir}'
datarootdir='${prefix}/share'
docdir='${datarootdir}/doc/${PACKAGE_TARNAME}'
dvidir='${docdir}'
exec_prefix='${prefix}'
host='i686-pc-linux-gnu'
host_alias=''
host_cpu='i686'
host_os='linux-gnu'
host_vendor='pc'
htmldir='${docdir}'
includedir='${prefix}/include'
infodir='${datarootdir}/info'
install_sh='/home/jenni/DougMatcher/midi2pml/install-sh'
libdir='${exec_prefix}/lib'
libexecdir='${exec_prefix}/libexec'
localedir='${datarootdir}/locale'
localstatedir='${prefix}/var'
lt_ECHO='echo'
mandir='${datarootdir}/man'
mkdir_p='mkdir -p --'
oldincludedir='/usr/include'
pdfdir='${docdir}'
prefix='/usr/local'
program_transform_name='s,x,x,'
psdir='${docdir}'
sbindir='${exec_prefix}/sbin'
sharedstatedir='${prefix}/com'
sysconfdir='${prefix}/etc'
target_alias=''

## ----------- ##
## confdefs.h. ##
## ----------- ##

/* confdefs.h */
#define PACKAGE_NAME "midi2pml"
#define PACKAGE_TARNAME "midi2pml"
#define PACKAGE_VERSION "0.1"
#define PACKAGE_STRING "midi2pml 0.1"
#define PACKAGE_BUGREPORT "http://cmt.gla.ac.uk"
#define PACKAGE_URL ""
#define PACKAGE "midi2pml"
#define VERSION "0.1"
#define STDC_HEADERS 1
#define HAVE_SYS_TYPES_H 1
#define HAVE_SYS_STAT_H 1
#define HAVE_STDLIB_H 1
#define HAVE_STRING_H 1
#define HAVE_MEMORY_H 1
#define HAVE_STRINGS_H 1
#define HAVE_INTTYPES_H 1
#define HAVE_STDINT_H 1
#define HAVE_UNISTD_H 1
#define HAVE_DLFCN_H 1
#define LT_OBJDIR ".libs/"

configure: exit 0

## ---------------------- ##
## Running config.status. ##
## ---------------------- ##

This file was extended by midi2pml config.status 0.1, which was
generated by GNU Autoconf 2.67.  Invocation command line was

  CONFIG_FILES    = 
  CONFIG_HEADERS  = 
  CONFIG_LINKS    = 
  CONFIG_COMMANDS = 
  $ ./config.status Makefile depfiles

on sergei

config.status:1048: creating Makefile
config.status:1213: executing depfiles commands

## ---------------------- ##
## Running config.status. ##
## ---------------------- ##

This file was extended by midi2pml config.status 0.1, which was
generated by GNU Autoconf 2.67.  Invocation command line was

  CONFIG_FILES    = 
  CONFIG_HEADERS  = 
  CONFIG_LINKS    = 
  CONFIG_COMMANDS = 
  $ ./config.status Makefile depfiles

on sergei

config.status:1048: creating Makefile
config.status:1213: executing depfiles commands
