This file contains any messages produced by compilers while
running configure, to aid debugging if configure makes a mistake.

It was created by libpml configure 0.1, which was
generated by GNU Autoconf 2.67.  Invocation command line was

  $ ./configure 

## --------- ##
## Platform. ##
## --------- ##

hostname = sergei
uname -m = i686
uname -r = 2.6.38-13-generic
uname -s = Linux
uname -v = #53-Ubuntu SMP Mon Nov 28 19:23:39 UTC 2011

/usr/bin/uname -p = unknown
/bin/uname -X     = unknown

/bin/arch              = unknown
/usr/bin/arch -k       = unknown
/usr/convex/getsysinfo = unknown
/usr/bin/hostinfo      = unknown
/bin/machine           = unknown
/usr/bin/oslevel       = unknown
/bin/universe          = unknown

PATH: /usr/local/sbin
PATH: /usr/local/bin
PATH: /usr/sbin
PATH: /usr/bin
PATH: /sbin
PATH: /bin
PATH: /usr/games


## ----------- ##
## Core tests. ##
## ----------- ##

configure:2480: checking for a BSD-compatible install
configure:2548: result: /usr/bin/install -c
configure:2559: checking whether build environment is sane
configure:2596: result: yes
configure:2658: checking for gawk
configure:2674: found /usr/bin/gawk
configure:2685: result: gawk
configure:2696: checking whether make sets $(MAKE)
configure:2718: result: yes
configure:2950: checking for gcc
configure:2966: found /usr/bin/gcc
configure:2977: result: gcc
configure:3206: checking for C compiler version
configure:3215: gcc --version >&5
gcc (Ubuntu/Linaro 4.5.2-8ubuntu4) 4.5.2
Copyright (C) 2010 Free Software Foundation, Inc.
This is free software; see the source for copying conditions.  There is NO
warranty; not even for MERCHANTABILITY or FITNESS FOR A PARTICULAR PURPOSE.

configure:3226: $? = 0
configure:3215: gcc -v >&5
Using built-in specs.
COLLECT_GCC=gcc
COLLECT_LTO_WRAPPER=/usr/lib/i386-linux-gnu/gcc/i686-linux-gnu/4.5.2/lto-wrapper
Target: i686-linux-gnu
Configured with: ../src/configure -v --with-pkgversion='Ubuntu/Linaro 4.5.2-8ubuntu4' --with-bugurl=file:///usr/share/doc/gcc-4.5/README.Bugs --enable-languages=c,c++,fortran,objc,obj-c++ --prefix=/usr --program-suffix=-4.5 --enable-shared --enable-multiarch --with-multiarch-defaults=i386-linux-gnu --enable-linker-build-id --with-system-zlib --libexecdir=/usr/lib/i386-linux-gnu --without-included-gettext --enable-threads=posix --with-gxx-include-dir=/usr/include/c++/4.5 --libdir=/usr/lib/i386-linux-gnu --enable-nls --with-sysroot=/ --enable-clocale=gnu --enable-libstdcxx-debug --enable-libstdcxx-time=yes --enable-plugin --enable-gold --enable-ld=default --with-plugin-ld=ld.gold --enable-objc-gc --enable-targets=all --disable-werror --with-arch-32=i686 --with-tune=generic --enable-checking=release --build=i686-linux-gnu --host=i686-linux-gnu --target=i686-linux-gnu
Thread model: posix
gcc version 4.5.2 (Ubuntu/Linaro 4.5.2-8ubuntu4) 
configure:3226: $? = 0
configure:3215: gcc -V >&5
gcc: '-V' option must have argument
configure:3226: $? = 1
configure:3215: gcc -qversion >&5
gcc: unrecognized option '-qversion'
gcc: no input files
configure:3226: $? = 1
configure:3246: checking whether the C compiler works
configure:3268: gcc    conftest.c  >&5
configure:3272: $? = 0
configure:3320: result: yes
configure:3323: checking for C compiler default output file name
configure:3325: result: a.out
configure:3331: checking for suffix of executables
configure:3338: gcc -o conftest    conftest.c  >&5
configure:3342: $? = 0
configure:3364: result: 
configure:3386: checking whether we are cross compiling
configure:3394: gcc -o conftest    conftest.c  >&5
configure:3398: $? = 0
configure:3405: ./conftest
configure:3409: $? = 0
configure:3424: result: no
configure:3429: checking for suffix of object files
configure:3451: gcc -c   conftest.c >&5
configure:3455: $? = 0
configure:3476: result: o
configure:3480: checking whether we are using the GNU C compiler
configure:3499: gcc -c   conftest.c >&5
configure:3499: $? = 0
configure:3508: result: yes
configure:3517: checking whether gcc accepts -g
configure:3537: gcc -c -g  conftest.c >&5
configure:3537: $? = 0
configure:3578: result: yes
configure:3595: checking for gcc option to accept ISO C89
configure:3659: gcc  -c -g -O2  conftest.c >&5
configure:3659: $? = 0
configure:3672: result: none needed
configure:3703: checking for style of include used by make
configure:3731: result: GNU
configure:3759: checking dependency style of gcc
configure:3849: result: gcc3
configure:3924: checking for g++
configure:3940: found /usr/bin/g++
configure:3951: result: g++
configure:3978: checking for C++ compiler version
configure:3987: g++ --version >&5
g++ (Ubuntu/Linaro 4.5.2-8ubuntu4) 4.5.2
Copyright (C) 2010 Free Software Foundation, Inc.
This is free software; see the source for copying conditions.  There is NO
warranty; not even for MERCHANTABILITY or FITNESS FOR A PARTICULAR PURPOSE.

configure:3998: $? = 0
configure:3987: g++ -v >&5
Using built-in specs.
COLLECT_GCC=g++
COLLECT_LTO_WRAPPER=/usr/lib/i386-linux-gnu/gcc/i686-linux-gnu/4.5.2/lto-wrapper
Target: i686-linux-gnu
Configured with: ../src/configure -v --with-pkgversion='Ubuntu/Linaro 4.5.2-8ubuntu4' --with-bugurl=file:///usr/share/doc/gcc-4.5/README.Bugs --enable-languages=c,c++,fortran,objc,obj-c++ --prefix=/usr --program-suffix=-4.5 --enable-shared --enable-multiarch --with-multiarch-defaults=i386-linux-gnu --enable-linker-build-id --with-system-zlib --libexecdir=/usr/lib/i386-linux-gnu --without-included-gettext --enable-threads=posix --with-gxx-include-dir=/usr/include/c++/4.5 --libdir=/usr/lib/i386-linux-gnu --enable-nls --with-sysroot=/ --enable-clocale=gnu --enable-libstdcxx-debug --enable-libstdcxx-time=yes --enable-plugin --enable-gold --enable-ld=default --with-plugin-ld=ld.gold --enable-objc-gc --enable-targets=all --disable-werror --with-arch-32=i686 --with-tune=generic --enable-checking=release --build=i686-linux-gnu --host=i686-linux-gnu --target=i686-linux-gnu
Thread model: posix
gcc version 4.5.2 (Ubuntu/Linaro 4.5.2-8ubuntu4) 
configure:3998: $? = 0
configure:3987: g++ -V >&5
g++: '-V' option must have argument
configure:3998: $? = 1
configure:3987: g++ -qversion >&5
g++: unrecognized option '-qversion'
g++: no input files
configure:3998: $? = 1
configure:4002: checking whether we are using the GNU C++ compiler
configure:4021: g++ -c   conftest.cpp >&5
configure:4021: $? = 0
configure:4030: result: yes
configure:4039: checking whether g++ accepts -g
configure:4059: g++ -c -g  conftest.cpp >&5
configure:4059: $? = 0
configure:4100: result: yes
configure:4125: checking dependency style of g++
configure:4215: result: gcc3
configure:4261: checking build system type
configure:4275: result: i686-pc-linux-gnu
configure:4295: checking host system type
configure:4308: result: i686-pc-linux-gnu
configure:4328: checking for a sed that does not truncate output
configure:4392: result: /bin/sed
configure:4410: checking for grep that handles long lines and -e
configure:4468: result: /bin/grep
configure:4473: checking for egrep
configure:4535: result: /bin/grep -E
configure:4540: checking for fgrep
configure:4602: result: /bin/grep -F
configure:4637: checking for ld used by gcc
configure:4704: result: /usr/bin/ld
configure:4711: checking if the linker (/usr/bin/ld) is GNU ld
configure:4726: result: yes
configure:4738: checking for BSD- or MS-compatible name lister (nm)
configure:4787: result: /usr/bin/nm -B
configure:4905: checking the name lister (/usr/bin/nm -B) interface
configure:4912: g++ -c -g -O2  conftest.cpp >&5
configure:4915: /usr/bin/nm -B "conftest.o"
configure:4918: output
00000000 B some_variable
configure:4925: result: BSD nm
configure:4928: checking whether ln -s works
configure:4932: result: yes
configure:4940: checking the maximum length of command line arguments
configure:5060: result: 1572864
configure:5077: checking whether the shell understands some XSI constructs
configure:5087: result: yes
configure:5091: checking whether the shell understands "+="
configure:5097: result: yes
configure:5132: checking for /usr/bin/ld option to reload object files
configure:5139: result: -r
configure:5208: checking for objdump
configure:5224: found /usr/bin/objdump
configure:5235: result: objdump
configure:5267: checking how to recognize dependent libraries
configure:5463: result: pass_all
configure:5523: checking for ar
configure:5539: found /usr/bin/ar
configure:5550: result: ar
configure:5628: checking for strip
configure:5644: found /usr/bin/strip
configure:5655: result: strip
configure:5727: checking for ranlib
configure:5743: found /usr/bin/ranlib
configure:5754: result: ranlib
configure:5844: checking command to parse /usr/bin/nm -B output from gcc object
configure:5962: g++ -c -g -O2  conftest.cpp >&5
configure:5965: $? = 0
configure:5969: /usr/bin/nm -B conftest.o \| sed -n -e 's/^.*[	 ]\([ABCDGIRSTW][ABCDGIRSTW]*\)[	 ][	 ]*\([_A-Za-z][_A-Za-z0-9]*\)$/\1 \2 \2/p' \> conftest.nm
configure:5972: $? = 0
configure:6026: g++ -o conftest -g -O2   conftest.cpp conftstm.o >&5
configure:6029: $? = 0
configure:6067: result: ok
configure:6876: checking how to run the C preprocessor
configure:6907: gcc -E  conftest.c
configure:6907: $? = 0
configure:6921: gcc -E  conftest.c
conftest.c:11:28: fatal error: ac_nonexistent.h: No such file or directory
compilation terminated.
configure:6921: $? = 1
configure: failed program was:
| /* confdefs.h */
| #define PACKAGE_NAME "libpml"
| #define PACKAGE_TARNAME "libpml"
| #define PACKAGE_VERSION "0.1"
| #define PACKAGE_STRING "libpml 0.1"
| #define PACKAGE_BUGREPORT "http://cmt.gla.ac.uk"
| #define PACKAGE_URL ""
| #define PACKAGE "libpml"
| #define VERSION "0.1"
| /* end confdefs.h.  */
| #include <ac_nonexistent.h>
configure:6946: result: gcc -E
configure:6966: gcc -E  conftest.c
configure:6966: $? = 0
configure:6980: gcc -E  conftest.c
conftest.c:11:28: fatal error: ac_nonexistent.h: No such file or directory
compilation terminated.
configure:6980: $? = 1
configure: failed program was:
| /* confdefs.h */
| #define PACKAGE_NAME "libpml"
| #define PACKAGE_TARNAME "libpml"
| #define PACKAGE_VERSION "0.1"
| #define PACKAGE_STRING "libpml 0.1"
| #define PACKAGE_BUGREPORT "http://cmt.gla.ac.uk"
| #define PACKAGE_URL ""
| #define PACKAGE "libpml"
| #define VERSION "0.1"
| /* end confdefs.h.  */
| #include <ac_nonexistent.h>
configure:7009: checking for ANSI C header files
configure:7029: gcc -c -g -O2  conftest.c >&5
configure:7029: $? = 0
configure:7102: gcc -o conftest -g -O2   conftest.c  >&5
configure:7102: $? = 0
configure:7102: ./conftest
configure:7102: $? = 0
configure:7113: result: yes
configure:7126: checking for sys/types.h
configure:7126: gcc -c -g -O2  conftest.c >&5
configure:7126: $? = 0
configure:7126: result: yes
configure:7126: checking for sys/stat.h
configure:7126: gcc -c -g -O2  conftest.c >&5
configure:7126: $? = 0
configure:7126: result: yes
configure:7126: checking for stdlib.h
configure:7126: gcc -c -g -O2  conftest.c >&5
configure:7126: $? = 0
configure:7126: result: yes
configure:7126: checking for string.h
configure:7126: gcc -c -g -O2  conftest.c >&5
configure:7126: $? = 0
configure:7126: result: yes
configure:7126: checking for memory.h
configure:7126: gcc -c -g -O2  conftest.c >&5
configure:7126: $? = 0
configure:7126: result: yes
configure:7126: checking for strings.h
configure:7126: gcc -c -g -O2  conftest.c >&5
configure:7126: $? = 0
configure:7126: result: yes
configure:7126: checking for inttypes.h
configure:7126: gcc -c -g -O2  conftest.c >&5
configure:7126: $? = 0
configure:7126: result: yes
configure:7126: checking for stdint.h
configure:7126: gcc -c -g -O2  conftest.c >&5
configure:7126: $? = 0
configure:7126: result: yes
configure:7126: checking for unistd.h
configure:7126: gcc -c -g -O2  conftest.c >&5
configure:7126: $? = 0
configure:7126: result: yes
configure:7140: checking for dlfcn.h
configure:7140: gcc -c -g -O2  conftest.c >&5
configure:7140: $? = 0
configure:7140: result: yes
configure:7265: checking for C++ compiler version
configure:7274: g++ --version >&5
g++ (Ubuntu/Linaro 4.5.2-8ubuntu4) 4.5.2
Copyright (C) 2010 Free Software Foundation, Inc.
This is free software; see the source for copying conditions.  There is NO
warranty; not even for MERCHANTABILITY or FITNESS FOR A PARTICULAR PURPOSE.

configure:7285: $? = 0
configure:7274: g++ -v >&5
Using built-in specs.
COLLECT_GCC=g++
COLLECT_LTO_WRAPPER=/usr/lib/i386-linux-gnu/gcc/i686-linux-gnu/4.5.2/lto-wrapper
Target: i686-linux-gnu
Configured with: ../src/configure -v --with-pkgversion='Ubuntu/Linaro 4.5.2-8ubuntu4' --with-bugurl=file:///usr/share/doc/gcc-4.5/README.Bugs --enable-languages=c,c++,fortran,objc,obj-c++ --prefix=/usr --program-suffix=-4.5 --enable-shared --enable-multiarch --with-multiarch-defaults=i386-linux-gnu --enable-linker-build-id --with-system-zlib --libexecdir=/usr/lib/i386-linux-gnu --without-included-gettext --enable-threads=posix --with-gxx-include-dir=/usr/include/c++/4.5 --libdir=/usr/lib/i386-linux-gnu --enable-nls --with-sysroot=/ --enable-clocale=gnu --enable-libstdcxx-debug --enable-libstdcxx-time=yes --enable-plugin --enable-gold --enable-ld=default --with-plugin-ld=ld.gold --enable-objc-gc --enable-targets=all --disable-werror --with-arch-32=i686 --with-tune=generic --enable-checking=release --build=i686-linux-gnu --host=i686-linux-gnu --target=i686-linux-gnu
Thread model: posix
gcc version 4.5.2 (Ubuntu/Linaro 4.5.2-8ubuntu4) 
configure:7285: $? = 0
configure:7274: g++ -V >&5
g++: '-V' option must have argument
configure:7285: $? = 1
configure:7274: g++ -qversion >&5
g++: unrecognized option '-qversion'
g++: no input files
configure:7285: $? = 1
configure:7289: checking whether we are using the GNU C++ compiler
configure:7317: result: yes
configure:7326: checking whether g++ accepts -g
configure:7387: result: yes
configure:7412: checking dependency style of g++
configure:7502: result: gcc3
configure:7527: checking how to run the C++ preprocessor
configure:7554: g++ -E  conftest.cpp
configure:7554: $? = 0
configure:7568: g++ -E  conftest.cpp
conftest.cpp:22:28: fatal error: ac_nonexistent.h: No such file or directory
compilation terminated.
configure:7568: $? = 1
configure: failed program was:
| /* confdefs.h */
| #define PACKAGE_NAME "libpml"
| #define PACKAGE_TARNAME "libpml"
| #define PACKAGE_VERSION "0.1"
| #define PACKAGE_STRING "libpml 0.1"
| #define PACKAGE_BUGREPORT "http://cmt.gla.ac.uk"
| #define PACKAGE_URL ""
| #define PACKAGE "libpml"
| #define VERSION "0.1"
| #define STDC_HEADERS 1
| #define HAVE_SYS_TYPES_H 1
| #define HAVE_SYS_STAT_H 1
| #define HAVE_STDLIB_H 1
| #define HAVE_STRING_H 1
| #define HAVE_MEMORY_H 1
| #define HAVE_STRINGS_H 1
| #define HAVE_INTTYPES_H 1
| #define HAVE_STDINT_H 1
| #define HAVE_UNISTD_H 1
| #define HAVE_DLFCN_H 1
| /* end confdefs.h.  */
| #include <ac_nonexistent.h>
configure:7593: result: g++ -E
configure:7613: g++ -E  conftest.cpp
configure:7613: $? = 0
configure:7627: g++ -E  conftest.cpp
conftest.cpp:22:28: fatal error: ac_nonexistent.h: No such file or directory
compilation terminated.
configure:7627: $? = 1
configure: failed program was:
| /* confdefs.h */
| #define PACKAGE_NAME "libpml"
| #define PACKAGE_TARNAME "libpml"
| #define PACKAGE_VERSION "0.1"
| #define PACKAGE_STRING "libpml 0.1"
| #define PACKAGE_BUGREPORT "http://cmt.gla.ac.uk"
| #define PACKAGE_URL ""
| #define PACKAGE "libpml"
| #define VERSION "0.1"
| #define STDC_HEADERS 1
| #define HAVE_SYS_TYPES_H 1
| #define HAVE_SYS_STAT_H 1
| #define HAVE_STDLIB_H 1
| #define HAVE_STRING_H 1
| #define HAVE_MEMORY_H 1
| #define HAVE_STRINGS_H 1
| #define HAVE_INTTYPES_H 1
| #define HAVE_STDINT_H 1
| #define HAVE_UNISTD_H 1
| #define HAVE_DLFCN_H 1
| /* end confdefs.h.  */
| #include <ac_nonexistent.h>
configure:7833: checking for objdir
configure:7848: result: .libs
configure:8140: checking if gcc supports -fno-rtti -fno-exceptions
configure:8158: gcc -c -g -O2  -fno-rtti -fno-exceptions conftest.c >&5
cc1: warning: command line option "-fno-rtti" is valid for C++/ObjC++ but not for C
configure:8162: $? = 0
configure:8175: result: no
configure:8195: checking for gcc option to produce PIC
configure:8467: result: -fPIC -DPIC
configure:8479: checking if gcc PIC flag -fPIC -DPIC works
configure:8497: gcc -c -g -O2  -fPIC -DPIC -DPIC conftest.c >&5
configure:8501: $? = 0
configure:8514: result: yes
configure:8538: checking if gcc static flag -static works
configure:8566: result: yes
configure:8581: checking if gcc supports -c -o file.o
configure:8602: gcc -c -g -O2  -o out/conftest2.o conftest.c >&5
configure:8606: $? = 0
configure:8628: result: yes
configure:8636: checking if gcc supports -c -o file.o
configure:8683: result: yes
configure:8716: checking whether the gcc linker (/usr/bin/ld) supports shared libraries
configure:9707: result: yes
configure:9744: checking whether -lc should be explicitly linked in
configure:9749: gcc -c -g -O2  conftest.c >&5
configure:9752: $? = 0
configure:9767: gcc -shared conftest.o  -v -Wl,-soname -Wl,conftest -o conftest 2\>\&1 \| /bin/grep  -lc  \>/dev/null 2\>\&1
configure:9770: $? = 0
configure:9782: result: no
configure:9946: checking dynamic linker characteristics
configure:10379: gcc -o conftest -g -O2   -Wl,-rpath -Wl,/foo conftest.c  >&5
configure:10379: $? = 0
configure:10609: result: GNU/Linux ld.so
configure:10711: checking how to hardcode library paths into programs
configure:10736: result: immediate
configure:11256: checking whether stripping libraries is possible
configure:11261: result: yes
configure:11296: checking if libtool supports shared libraries
configure:11298: result: yes
configure:11301: checking whether to build shared libraries
configure:11322: result: yes
configure:11325: checking whether to build static libraries
configure:11329: result: yes
configure:11479: checking for ld used by g++
configure:11546: result: /usr/bin/ld
configure:11553: checking if the linker (/usr/bin/ld) is GNU ld
configure:11568: result: yes
configure:11623: checking whether the g++ linker (/usr/bin/ld) supports shared libraries
configure:12536: result: yes
configure:12564: g++ -c -g -O2  conftest.cpp >&5
configure:12567: $? = 0
configure:12749: checking for g++ option to produce PIC
configure:13066: result: -fPIC -DPIC
configure:13075: checking if g++ PIC flag -fPIC -DPIC works
configure:13093: g++ -c -g -O2  -fPIC -DPIC -DPIC conftest.cpp >&5
configure:13097: $? = 0
configure:13110: result: yes
configure:13131: checking if g++ static flag -static works
configure:13159: result: yes
configure:13171: checking if g++ supports -c -o file.o
configure:13192: g++ -c -g -O2  -o out/conftest2.o conftest.cpp >&5
configure:13196: $? = 0
configure:13218: result: yes
configure:13223: checking if g++ supports -c -o file.o
configure:13270: result: yes
configure:13300: checking whether the g++ linker (/usr/bin/ld) supports shared libraries
configure:13329: result: yes
configure:13466: checking dynamic linker characteristics
configure:13847: g++ -o conftest -g -O2   -Wl,-rpath -Wl,/foo conftest.cpp  >&5
configure:13847: $? = 0
configure:14077: result: GNU/Linux ld.so
configure:14128: checking how to hardcode library paths into programs
configure:14153: result: immediate
configure:14215: checking math.h usability
configure:14215: g++ -c -g -O2  conftest.cpp >&5
configure:14215: $? = 0
configure:14215: result: yes
configure:14215: checking math.h presence
configure:14215: g++ -E  conftest.cpp
configure:14215: $? = 0
configure:14215: result: yes
configure:14215: checking for math.h
configure:14215: result: yes
configure:14227: checking xercesc/dom/DOMDocument.hpp usability
configure:14227: g++ -c -g -O2  conftest.cpp >&5
configure:14227: $? = 0
configure:14227: result: yes
configure:14227: checking xercesc/dom/DOMDocument.hpp presence
configure:14227: g++ -E  conftest.cpp
configure:14227: $? = 0
configure:14227: result: yes
configure:14227: checking for xercesc/dom/DOMDocument.hpp
configure:14227: result: yes
configure:14239: checking qstring.h usability
configure:14239: g++ -c -g -O2  conftest.cpp >&5
conftest.cpp:58:21: fatal error: qstring.h: No such file or directory
compilation terminated.
configure:14239: $? = 1
configure: failed program was:
| /* confdefs.h */
| #define PACKAGE_NAME "libpml"
| #define PACKAGE_TARNAME "libpml"
| #define PACKAGE_VERSION "0.1"
| #define PACKAGE_STRING "libpml 0.1"
| #define PACKAGE_BUGREPORT "http://cmt.gla.ac.uk"
| #define PACKAGE_URL ""
| #define PACKAGE "libpml"
| #define VERSION "0.1"
| #define STDC_HEADERS 1
| #define HAVE_SYS_TYPES_H 1
| #define HAVE_SYS_STAT_H 1
| #define HAVE_STDLIB_H 1
| #define HAVE_STRING_H 1
| #define HAVE_MEMORY_H 1
| #define HAVE_STRINGS_H 1
| #define HAVE_INTTYPES_H 1
| #define HAVE_STDINT_H 1
| #define HAVE_UNISTD_H 1
| #define HAVE_DLFCN_H 1
| #define LT_OBJDIR ".libs/"
| #define HAVE_MATH_H 1
| #define HAVE_XERCESC_DOM_DOMDOCUMENT_HPP 1
| /* end confdefs.h.  */
| #include <stdio.h>
| #ifdef HAVE_SYS_TYPES_H
| # include <sys/types.h>
| #endif
| #ifdef HAVE_SYS_STAT_H
| # include <sys/stat.h>
| #endif
| #ifdef STDC_HEADERS
| # include <stdlib.h>
| # include <stddef.h>
| #else
| # ifdef HAVE_STDLIB_H
| #  include <stdlib.h>
| # endif
| #endif
| #ifdef HAVE_STRING_H
| # if !defined STDC_HEADERS && defined HAVE_MEMORY_H
| #  include <memory.h>
| # endif
| # include <string.h>
| #endif
| #ifdef HAVE_STRINGS_H
| # include <strings.h>
| #endif
| #ifdef HAVE_INTTYPES_H
| # include <inttypes.h>
| #endif
| #ifdef HAVE_STDINT_H
| # include <stdint.h>
| #endif
| #ifdef HAVE_UNISTD_H
| # include <unistd.h>
| #endif
| #include <qstring.h>
configure:14239: result: no
configure:14239: checking qstring.h presence
configure:14239: g++ -E  conftest.cpp
conftest.cpp:25:21: fatal error: qstring.h: No such file or directory
compilation terminated.
configure:14239: $? = 1
configure: failed program was:
| /* confdefs.h */
| #define PACKAGE_NAME "libpml"
| #define PACKAGE_TARNAME "libpml"
| #define PACKAGE_VERSION "0.1"
| #define PACKAGE_STRING "libpml 0.1"
| #define PACKAGE_BUGREPORT "http://cmt.gla.ac.uk"
| #define PACKAGE_URL ""
| #define PACKAGE "libpml"
| #define VERSION "0.1"
| #define STDC_HEADERS 1
| #define HAVE_SYS_TYPES_H 1
| #define HAVE_SYS_STAT_H 1
| #define HAVE_STDLIB_H 1
| #define HAVE_STRING_H 1
| #define HAVE_MEMORY_H 1
| #define HAVE_STRINGS_H 1
| #define HAVE_INTTYPES_H 1
| #define HAVE_STDINT_H 1
| #define HAVE_UNISTD_H 1
| #define HAVE_DLFCN_H 1
| #define LT_OBJDIR ".libs/"
| #define HAVE_MATH_H 1
| #define HAVE_XERCESC_DOM_DOMDOCUMENT_HPP 1
| /* end confdefs.h.  */
| #include <qstring.h>
configure:14239: result: no
configure:14239: checking for qstring.h
configure:14239: result: no
configure:14251: checking fftw3.h usability
configure:14251: g++ -c -g -O2  conftest.cpp >&5
configure:14251: $? = 0
configure:14251: result: yes
configure:14251: checking fftw3.h presence
configure:14251: g++ -E  conftest.cpp
configure:14251: $? = 0
configure:14251: result: yes
configure:14251: checking for fftw3.h
configure:14251: result: yes
configure:14383: creating ./config.status

## ---------------------- ##
## Running config.status. ##
## ---------------------- ##

This file was extended by libpml config.status 0.1, which was
generated by GNU Autoconf 2.67.  Invocation command line was

  CONFIG_FILES    = 
  CONFIG_HEADERS  = 
  CONFIG_LINKS    = 
  CONFIG_COMMANDS = 
  $ ./config.status 

on sergei

config.status:1128: creating Makefile
config.status:1128: creating config.h
config.status:1302: config.h is unchanged
config.status:1349: executing depfiles commands
config.status:1349: executing libtool commands

## ---------------- ##
## Cache variables. ##
## ---------------- ##

ac_cv_build=i686-pc-linux-gnu
ac_cv_c_compiler_gnu=yes
ac_cv_cxx_compiler_gnu=yes
ac_cv_env_CCC_set=
ac_cv_env_CCC_value=
ac_cv_env_CC_set=
ac_cv_env_CC_value=
ac_cv_env_CFLAGS_set=
ac_cv_env_CFLAGS_value=
ac_cv_env_CPPFLAGS_set=
ac_cv_env_CPPFLAGS_value=
ac_cv_env_CPP_set=
ac_cv_env_CPP_value=
ac_cv_env_CXXCPP_set=
ac_cv_env_CXXCPP_value=
ac_cv_env_CXXFLAGS_set=
ac_cv_env_CXXFLAGS_value=
ac_cv_env_CXX_set=
ac_cv_env_CXX_value=
ac_cv_env_LDFLAGS_set=
ac_cv_env_LDFLAGS_value=
ac_cv_env_LIBS_set=
ac_cv_env_LIBS_value=
ac_cv_env_build_alias_set=
ac_cv_env_build_alias_value=
ac_cv_env_host_alias_set=
ac_cv_env_host_alias_value=
ac_cv_env_target_alias_set=
ac_cv_env_target_alias_value=
ac_cv_header_dlfcn_h=yes
ac_cv_header_fftw3_h=yes
ac_cv_header_inttypes_h=yes
ac_cv_header_math_h=yes
ac_cv_header_memory_h=yes
ac_cv_header_qstring_h=no
ac_cv_header_stdc=yes
ac_cv_header_stdint_h=yes
ac_cv_header_stdlib_h=yes
ac_cv_header_string_h=yes
ac_cv_header_strings_h=yes
ac_cv_header_sys_stat_h=yes
ac_cv_header_sys_types_h=yes
ac_cv_header_unistd_h=yes
ac_cv_header_xercesc_dom_DOMDocument_hpp=yes
ac_cv_host=i686-pc-linux-gnu
ac_cv_objext=o
ac_cv_path_EGREP='/bin/grep -E'
ac_cv_path_FGREP='/bin/grep -F'
ac_cv_path_GREP=/bin/grep
ac_cv_path_SED=/bin/sed
ac_cv_path_install='/usr/bin/install -c'
ac_cv_prog_AWK=gawk
ac_cv_prog_CPP='gcc -E'
ac_cv_prog_CXXCPP='g++ -E'
ac_cv_prog_ac_ct_AR=ar
ac_cv_prog_ac_ct_CC=gcc
ac_cv_prog_ac_ct_CXX=g++
ac_cv_prog_ac_ct_OBJDUMP=objdump
ac_cv_prog_ac_ct_RANLIB=ranlib
ac_cv_prog_ac_ct_STRIP=strip
ac_cv_prog_cc_c89=
ac_cv_prog_cc_g=yes
ac_cv_prog_cxx_g=yes
ac_cv_prog_make_make_set=yes
am_cv_CC_dependencies_compiler_type=gcc3
am_cv_CXX_dependencies_compiler_type=gcc3
lt_cv_deplibs_check_method=pass_all
lt_cv_file_magic_cmd='$MAGIC_CMD'
lt_cv_file_magic_test_file=
lt_cv_ld_reload_flag=-r
lt_cv_nm_interface='BSD nm'
lt_cv_objdir=.libs
lt_cv_path_LD=/usr/bin/ld
lt_cv_path_LDCXX=/usr/bin/ld
lt_cv_path_NM='/usr/bin/nm -B'
lt_cv_prog_compiler_c_o=yes
lt_cv_prog_compiler_c_o_CXX=yes
lt_cv_prog_compiler_pic_works=yes
lt_cv_prog_compiler_pic_works_CXX=yes
lt_cv_prog_compiler_rtti_exceptions=no
lt_cv_prog_compiler_static_works=yes
lt_cv_prog_compiler_static_works_CXX=yes
lt_cv_prog_gnu_ld=yes
lt_cv_prog_gnu_ldcxx=yes
lt_cv_sys_global_symbol_pipe='sed -n -e '\''s/^.*[	 ]\([ABCDGIRSTW][ABCDGIRSTW]*\)[	 ][	 ]*\([_A-Za-z][_A-Za-z0-9]*\)$/\1 \2 \2/p'\'''
lt_cv_sys_global_symbol_to_c_name_address='sed -n -e '\''s/^: \([^ ]*\) $/  {\"\1\", (void *) 0},/p'\'' -e '\''s/^[ABCDGIRSTW]* \([^ ]*\) \([^ ]*\)$/  {"\2", (void *) \&\2},/p'\'''
lt_cv_sys_global_symbol_to_c_name_address_lib_prefix='sed -n -e '\''s/^: \([^ ]*\) $/  {\"\1\", (void *) 0},/p'\'' -e '\''s/^[ABCDGIRSTW]* \([^ ]*\) \(lib[^ ]*\)$/  {"\2", (void *) \&\2},/p'\'' -e '\''s/^[ABCDGIRSTW]* \([^ ]*\) \([^ ]*\)$/  {"lib\2", (void *) \&\2},/p'\'''
lt_cv_sys_global_symbol_to_cdecl='sed -n -e '\''s/^T .* \(.*\)$/extern int \1();/p'\'' -e '\''s/^[ABCDGIRSTW]* .* \(.*\)$/extern char \1;/p'\'''
lt_cv_sys_max_cmd_len=1572864

## ----------------- ##
## Output variables. ##
## ----------------- ##

ACLOCAL='${SHELL} /home/jenni/DougMatcher/pmllib/missing --run aclocal-1.9'
AMDEPBACKSLASH='\'
AMDEP_FALSE='#'
AMDEP_TRUE=''
AMTAR='${SHELL} /home/jenni/DougMatcher/pmllib/missing --run tar'
AR='ar'
AUTOCONF='${SHELL} /home/jenni/DougMatcher/pmllib/missing --run autoconf'
AUTOHEADER='${SHELL} /home/jenni/DougMatcher/pmllib/missing --run autoheader'
AUTOMAKE='${SHELL} /home/jenni/DougMatcher/pmllib/missing --run automake-1.9'
AWK='gawk'
CC='gcc'
CCDEPMODE='depmode=gcc3'
CFLAGS='-g -O2'
CPP='gcc -E'
CPPFLAGS=''
CXX='g++'
CXXCPP='g++ -E'
CXXDEPMODE='depmode=gcc3'
CXXFLAGS='-g -O2'
CYGPATH_W='echo'
DEFS='-DHAVE_CONFIG_H'
DEPDIR='.deps'
DSYMUTIL=''
DUMPBIN=''
ECHO_C=''
ECHO_N='-n'
ECHO_T=''
EGREP='/bin/grep -E'
EXEEXT=''
FGREP='/bin/grep -F'
GREP='/bin/grep'
INSTALL_DATA='${INSTALL} -m 644'
INSTALL_PROGRAM='${INSTALL}'
INSTALL_SCRIPT='${INSTALL}'
INSTALL_STRIP_PROGRAM='${SHELL} $(install_sh) -c -s'
LD='/usr/bin/ld'
LDFLAGS=''
LIBOBJS=''
LIBS=''
LIBTOOL='$(SHELL) $(top_builddir)/libtool'
LIPO=''
LN_S='ln -s'
LTLIBOBJS=''
MAKEINFO='${SHELL} /home/jenni/DougMatcher/pmllib/missing --run makeinfo'
NM='/usr/bin/nm -B'
NMEDIT=''
OBJDUMP='objdump'
OBJEXT='o'
OTOOL64=''
OTOOL=''
PACKAGE='libpml'
PACKAGE_BUGREPORT='http://cmt.gla.ac.uk'
PACKAGE_NAME='libpml'
PACKAGE_STRING='libpml 0.1'
PACKAGE_TARNAME='libpml'
PACKAGE_URL=''
PACKAGE_VERSION='0.1'
PATH_SEPARATOR=':'
RANLIB='ranlib'
SED='/bin/sed'
SET_MAKE=''
SHELL='/bin/bash'
STRIP='strip'
VERSION='0.1'
ac_ct_CC='gcc'
ac_ct_CXX='g++'
ac_ct_DUMPBIN=''
am__fastdepCC_FALSE='#'
am__fastdepCC_TRUE=''
am__fastdepCXX_FALSE='#'
am__fastdepCXX_TRUE=''
am__include='include'
am__leading_dot='.'
am__quote=''
am__tar='${AMTAR} chof - "$$tardir"'
am__untar='${AMTAR} xf -'
bindir='${exec_prefix}/bin'
build='i686-pc-linux-gnu'
build_alias=''
build_cpu='i686'
build_os='linux-gnu'
build_vendor='pc'
datadir='${datarootdir}'
datarootdir='${prefix}/share'
docdir='${datarootdir}/doc/${PACKAGE_TARNAME}'
dvidir='${docdir}'
exec_prefix='${prefix}'
host='i686-pc-linux-gnu'
host_alias=''
host_cpu='i686'
host_os='linux-gnu'
host_vendor='pc'
htmldir='${docdir}'
includedir='${prefix}/include'
infodir='${datarootdir}/info'
install_sh='/home/jenni/DougMatcher/pmllib/install-sh'
libdir='${exec_prefix}/lib'
libexecdir='${exec_prefix}/libexec'
localedir='${datarootdir}/locale'
localstatedir='${prefix}/var'
lt_ECHO='echo'
mandir='${datarootdir}/man'
mkdir_p='mkdir -p --'
oldincludedir='/usr/include'
pdfdir='${docdir}'
prefix='/usr/local'
program_transform_name='s,x,x,'
psdir='${docdir}'
sbindir='${exec_prefix}/sbin'
sharedstatedir='${prefix}/com'
sysconfdir='${prefix}/etc'
target_alias=''

## ----------- ##
## confdefs.h. ##
## ----------- ##

/* confdefs.h */
#define PACKAGE_NAME "libpml"
#define PACKAGE_TARNAME "libpml"
#define PACKAGE_VERSION "0.1"
#define PACKAGE_STRING "libpml 0.1"
#define PACKAGE_BUGREPORT "http://cmt.gla.ac.uk"
#define PACKAGE_URL ""
#define PACKAGE "libpml"
#define VERSION "0.1"
#define STDC_HEADERS 1
#define HAVE_SYS_TYPES_H 1
#define HAVE_SYS_STAT_H 1
#define HAVE_STDLIB_H 1
#define HAVE_STRING_H 1
#define HAVE_MEMORY_H 1
#define HAVE_STRINGS_H 1
#define HAVE_INTTYPES_H 1
#define HAVE_STDINT_H 1
#define HAVE_UNISTD_H 1
#define HAVE_DLFCN_H 1
#define LT_OBJDIR ".libs/"
#define HAVE_MATH_H 1
#define HAVE_XERCESC_DOM_DOMDOCUMENT_HPP 1
#define HAVE_FFTW3_H 1

configure: exit 0

## ---------------------- ##
## Running config.status. ##
## ---------------------- ##

This file was extended by libpml config.status 0.1, which was
generated by GNU Autoconf 2.67.  Invocation command line was

  CONFIG_FILES    = 
  CONFIG_HEADERS  = 
  CONFIG_LINKS    = 
  CONFIG_COMMANDS = 
  $ ./config.status Makefile depfiles

on sergei

config.status:1128: creating Makefile
config.status:1349: executing depfiles commands

## ---------------------- ##
## Running config.status. ##
## ---------------------- ##

This file was extended by libpml config.status 0.1, which was
generated by GNU Autoconf 2.67.  Invocation command line was

  CONFIG_FILES    = 
  CONFIG_HEADERS  = 
  CONFIG_LINKS    = 
  CONFIG_COMMANDS = 
  $ ./config.status config.h

on sergei

config.status:1128: creating config.h
config.status:1302: config.h is unchanged
